[INFO] Scanning for projects...
[INFO] 
[INFO] ----------------------------< com.cutm:smo >----------------------------
[INFO] Building smo V0.1
[INFO]   from pom.xml
[INFO] --------------------------------[ war ]---------------------------------
[INFO] 
[INFO] >>> spring-boot:3.5.0-SNAPSHOT:run (default-cli) > test-compile @ smo >>>
[WARNING] The artifact mysql:mysql-connector-java:jar:8.0.33 has been relocated to com.mysql:mysql-connector-j:jar:8.0.33: MySQL Connector/J artifacts moved to reverse-DNS compliant Maven 2+ coordinates.
[INFO] 
[INFO] --- resources:3.3.1:resources (default-resources) @ smo ---
[INFO] Copying 1 resource from src\main\resources to target\classes
[INFO] Copying 0 resource from src\main\resources to target\classes
[INFO] 
[INFO] --- compiler:3.13.0:compile (default-compile) @ smo ---
[INFO] Nothing to compile - all classes are up to date.
[INFO] 
[INFO] --- resources:3.3.1:testResources (default-testResources) @ smo ---
[INFO] Not copying test resources
[INFO] 
[INFO] --- compiler:3.13.0:testCompile (default-testCompile) @ smo ---
[INFO] Not compiling test sources
[INFO] 
[INFO] <<< spring-boot:3.5.0-SNAPSHOT:run (default-cli) < test-compile @ smo <<<
[INFO] 
[INFO] 
[INFO] --- spring-boot:3.5.0-SNAPSHOT:run (default-cli) @ smo ---
[INFO] Attaching agents: []

  .   ____          _            __ _ _
 /\\ / ___'_ __ _ _(_)_ __  __ _ \ \ \ \
( ( )\___ | '_ | '_| | '_ \/ _` | \ \ \ \
 \\/  ___)| |_)| | | | | || (_| |  ) ) ) )
  '  |____| .__|_| |_|_| |_\__, | / / / /
 =========|_|==============|___/=/_/_/_/

 :: Spring Boot ::       (v3.5.0-SNAPSHOT)

2026-04-14T23:11:53.888+05:30  INFO 19224 --- [smo] [           main] com.cutm.smo.SmoApplication              : Starting SmoApplication using Java 23.0.2 with PID 19224 (C:\Users\prem2\Downloads\SMO-Android-Application-Developed-using-Flutter-main\smo_springboot\target\classes started by prem2 in C:\Users\prem2\Downloads\SMO-Android-Application-Developed-using-Flutter-main\smo_springboot)
2026-04-14T23:11:53.899+05:30  INFO 19224 --- [smo] [           main] com.cutm.smo.SmoApplication              : No active profile set, falling back to 1 default profile: "default"
2026-04-14T23:11:55.635+05:30  INFO 19224 --- [smo] [           main] .s.d.r.c.RepositoryConfigurationDelegate : Bootstrapping Spring Data JPA repositories in DEFAULT mode.
2026-04-14T23:11:56.057+05:30  INFO 19224 --- [smo] [           main] .s.d.r.c.RepositoryConfigurationDelegate : Finished Spring Data repository scanning in 398 ms. Found 30 JPA repository interfaces.
2026-04-14T23:11:57.198+05:30  INFO 19224 --- [smo] [           main] o.s.b.w.embedded.tomcat.TomcatWebServer  : Tomcat initialized with port 8080 (http)
2026-04-14T23:11:57.242+05:30  INFO 19224 --- [smo] [           main] o.apache.catalina.core.StandardService   : Starting service [Tomcat]
2026-04-14T23:11:57.242+05:30  INFO 19224 --- [smo] [           main] o.apache.catalina.core.StandardEngine    : Starting Servlet engine: [Apache Tomcat/10.1.41]
2026-04-14T23:11:57.394+05:30  INFO 19224 --- [smo] [           main] o.a.c.c.C.[Tomcat].[localhost].[/]       : Initializing Spring embedded WebApplicationContext
2026-04-14T23:11:57.398+05:30  INFO 19224 --- [smo] [           main] w.s.c.ServletWebServerApplicationContext : Root WebApplicationContext: initialization completed in 3356 ms
2026-04-14T23:11:57.855+05:30  INFO 19224 --- [smo] [           main] o.hibernate.jpa.internal.util.LogHelper  : HHH000204: Processing PersistenceUnitInfo [name: default]
2026-04-14T23:11:58.031+05:30  INFO 19224 --- [smo] [           main] org.hibernate.Version                    : HHH000412: Hibernate ORM core version 6.6.15.Final
2026-04-14T23:11:58.139+05:30  INFO 19224 --- [smo] [           main] o.h.c.internal.RegionFactoryInitiator    : HHH000026: Second-level cache disabled
2026-04-14T23:11:58.895+05:30  INFO 19224 --- [smo] [           main] o.s.o.j.p.SpringPersistenceUnitInfo      : No LoadTimeWeaver setup: ignoring JPA class transformer
2026-04-14T23:11:58.963+05:30  INFO 19224 --- [smo] [           main] com.zaxxer.hikari.HikariDataSource       : HikariPool-1 - Starting...
2026-04-14T23:11:59.337+05:30  INFO 19224 --- [smo] [           main] com.zaxxer.hikari.pool.HikariPool        : HikariPool-1 - Added connection com.mysql.cj.jdbc.ConnectionImpl@2a2b7a35
2026-04-14T23:11:59.337+05:30  INFO 19224 --- [smo] [           main] com.zaxxer.hikari.HikariDataSource       : HikariPool-1 - Start completed.
2026-04-14T23:11:59.531+05:30  INFO 19224 --- [smo] [           main] org.hibernate.orm.connections.pooling    : HHH10001005: Database info:
	Database JDBC URL [Connecting through datasource 'HikariDataSource (HikariPool-1)']
	Database driver: undefined/unknown
	Database version: 8.0.43
	Autocommit mode: undefined/unknown
	Isolation level: undefined/unknown
	Minimum pool size: undefined/unknown
	Maximum pool size: undefined/unknown
2026-04-14T23:12:02.187+05:30  INFO 19224 --- [smo] [           main] o.h.e.t.j.p.i.JtaPlatformInitiator       : HHH000489: No JTA platform available (set 'hibernate.transaction.jta.platform' to enable JTA platform integration)
2026-04-14T23:12:02.387+05:30  INFO 19224 --- [smo] [           main] j.LocalContainerEntityManagerFactoryBean : Initialized JPA EntityManagerFactory for persistence unit 'default'
2026-04-14T23:12:02.902+05:30  INFO 19224 --- [smo] [           main] o.s.d.j.r.query.QueryEnhancerFactory     : Hibernate is in classpath; If applicable, HQL parser will be used.
2026-04-14T23:12:05.812+05:30  WARN 19224 --- [smo] [           main] JpaBaseConfiguration$JpaWebConfiguration : spring.jpa.open-in-view is enabled by default. Therefore, database queries may be performed during view rendering. Explicitly configure spring.jpa.open-in-view to disable this warning
2026-04-14T23:12:06.726+05:30  INFO 19224 --- [smo] [           main] o.s.b.w.embedded.tomcat.TomcatWebServer  : Tomcat started on port 8080 (http) with context path '/'
2026-04-14T23:12:06.746+05:30  INFO 19224 --- [smo] [           main] com.cutm.smo.SmoApplication              : Started SmoApplication in 13.911 seconds (process running for 14.791)
2026-04-14T23:12:07.239+05:30  INFO 19224 --- [smo] [nio-8080-exec-1] o.a.c.c.C.[Tomcat].[localhost].[/]       : Initializing Spring DispatcherServlet 'dispatcherServlet'
2026-04-14T23:12:07.248+05:30  INFO 19224 --- [smo] [nio-8080-exec-1] o.s.web.servlet.DispatcherServlet        : Initializing Servlet 'dispatcherServlet'
2026-04-14T23:12:07.254+05:30  INFO 19224 --- [smo] [nio-8080-exec-1] o.s.web.servlet.DispatcherServlet        : Completed initialization in 2 ms
