2026-04-21 15:53:32.566 [http-nio-8080-exec-5] DEBUG org.hibernate.SQL - select s1_0.style_id,s1_0.branding_label,s1_0.concept,s1_0.created_at,s1_0.description,s1_0.main_label,s1_0.pattern_image,s1_0.status,s1_0.style_no from style s1_0
2026-04-21 15:53:32.566 [http-nio-8080-exec-4] DEBUG org.hibernate.SQL - select r1_0.routing_id,r1_0.approval_status,r1_0.approved_at,r1_0.approved_by,r1_0.previous_routing_id,r1_0.product_id,r1_0.status,r1_0.version from routing r1_0
2026-04-21 15:53:32.566 [http-nio-8080-exec-8] DEBUG org.hibernate.SQL - select sv1_0.style_variant_id,sv1_0.button_id,sv1_0.color,sv1_0.consumption_per_shirt,sv1_0.gtg_id,sv1_0.no_of_shirts_target,sv1_0.size,sv1_0.sleeve_type,sv1_0.status,sv1_0.style_id,sv1_0.thread_id from style_variant sv1_0
2026-04-21 15:53:32.566 [http-nio-8080-exec-6] DEBUG org.hibernate.SQL - select b1_0.button_id,b1_0.button_code,b1_0.button_name,b1_0.status from buttons b1_0
2026-04-21 15:53:32.566 [http-nio-8080-exec-1] DEBUG org.hibernate.SQL - select s1_0.style_id,s1_0.branding_label,s1_0.concept,s1_0.created_at,s1_0.description,s1_0.main_label,s1_0.pattern_image,s1_0.status,s1_0.style_no from style s1_0
2026-04-21 15:53:32.566 [http-nio-8080-exec-3] DEBUG org.hibernate.SQL - select count(*) from wiptracking wt1_0
2026-04-21 15:53:32.566 [http-nio-8080-exec-2] DEBUG org.hibernate.SQL - select sv1_0.style_variant_id,sv1_0.button_id,sv1_0.color,sv1_0.consumption_per_shirt,sv1_0.gtg_id,sv1_0.no_of_shirts_target,sv1_0.size,sv1_0.sleeve_type,sv1_0.status,sv1_0.style_id,sv1_0.thread_id from style_variant sv1_0
2026-04-21 15:54:11.260 [http-nio-8080-exec-9] DEBUG org.hibernate.SQL - select el1_0.emp_id,el1_0.password,el1_0.status from login el1_0 where el1_0.emp_id=?
2026-04-21 15:54:11.719 [http-nio-8080-exec-9] DEBUG org.hibernate.SQL - select ei1_0.emp_id,ei1_0.aadhar_number,ei1_0.address,ei1_0.blood_group,ei1_0.dob,ei1_0.email,ei1_0.emergency_contact,ei1_0.emp_date,ei1_0.name,ei1_0.pan_card_number,ei1_0.phone,ei1_0.role_id,r1_0.role_id,r1_0.activities,r1_0.role_name,r1_0.status,ei1_0.salary,ei1_0.status from employee ei1_0 join role r1_0 on r1_0.role_id=ei1_0.role_id where ei1_0.emp_id=?
2026-04-21 15:54:12.819 [http-nio-8080-exec-7] DEBUG org.hibernate.SQL - select ei1_0.emp_id,ei1_0.aadhar_number,ei1_0.address,ei1_0.blood_group,ei1_0.dob,ei1_0.email,ei1_0.emergency_contact,ei1_0.emp_date,ei1_0.name,ei1_0.pan_card_number,ei1_0.phone,ei1_0.role_id,r1_0.role_id,r1_0.activities,r1_0.role_name,r1_0.status,ei1_0.salary,ei1_0.status from employee ei1_0 join role r1_0 on r1_0.role_id=ei1_0.role_id where ei1_0.emp_id=?
2026-04-21 15:54:12.827 [http-nio-8080-exec-10] DEBUG org.hibernate.SQL - select ei1_0.emp_id,ei1_0.aadhar_number,ei1_0.address,ei1_0.blood_group,ei1_0.dob,ei1_0.email,ei1_0.emergency_contact,ei1_0.emp_date,ei1_0.name,ei1_0.pan_card_number,ei1_0.phone,ei1_0.role_id,r1_0.role_id,r1_0.activities,r1_0.role_name,r1_0.status,ei1_0.salary,ei1_0.status from employee ei1_0 join role r1_0 on r1_0.role_id=ei1_0.role_id where ei1_0.emp_id=?
2026-04-21 15:54:12.849 [http-nio-8080-exec-7] DEBUG org.hibernate.SQL - select el1_0.emp_id,el1_0.password,el1_0.status from login el1_0 where el1_0.emp_id=?
2026-04-21 15:54:12.855 [http-nio-8080-exec-1] DEBUG org.hibernate.SQL - select ei1_0.emp_id,ei1_0.aadhar_number,ei1_0.address,ei1_0.blood_group,ei1_0.dob,ei1_0.email,ei1_0.emergency_contact,ei1_0.emp_date,ei1_0.name,ei1_0.pan_card_number,ei1_0.phone,ei1_0.role_id,r1_0.role_id,r1_0.activities,r1_0.role_name,r1_0.status,ei1_0.salary,ei1_0.status from employee ei1_0 join role r1_0 on r1_0.role_id=ei1_0.role_id where ei1_0.emp_id=?
2026-04-21 15:54:12.867 [http-nio-8080-exec-3] DEBUG org.hibernate.SQL - select ei1_0.emp_id,ei1_0.aadhar_number,ei1_0.address,ei1_0.blood_group,ei1_0.dob,ei1_0.email,ei1_0.emergency_contact,ei1_0.emp_date,ei1_0.name,ei1_0.pan_card_number,ei1_0.phone,ei1_0.role_id,r1_0.role_id,r1_0.activities,r1_0.role_name,r1_0.status,ei1_0.salary,ei1_0.status from employee ei1_0 join role r1_0 on r1_0.role_id=ei1_0.role_id where ei1_0.emp_id=?
2026-04-21 15:54:12.868 [http-nio-8080-exec-10] DEBUG org.hibernate.SQL - select el1_0.emp_id,el1_0.password,el1_0.status from login el1_0 where el1_0.emp_id=?
2026-04-21 15:54:12.891 [http-nio-8080-exec-1] DEBUG org.hibernate.SQL - select el1_0.emp_id,el1_0.password,el1_0.status from login el1_0 where el1_0.emp_id=?
2026-04-21 15:54:12.896 [http-nio-8080-exec-3] DEBUG org.hibernate.SQL - select el1_0.emp_id,el1_0.password,el1_0.status from login el1_0 where el1_0.emp_id=?
2026-04-21 15:54:13.024 [http-nio-8080-exec-10] DEBUG org.hibernate.SQL - select r1_0.role_id,r1_0.activities,r1_0.role_name,r1_0.status from role r1_0
2026-04-21 15:54:13.024 [http-nio-8080-exec-7] DEBUG org.hibernate.SQL - select r1_0.role_id,r1_0.activities,r1_0.role_name,r1_0.status from role r1_0
2026-04-21 15:54:13.027 [http-nio-8080-exec-3] DEBUG org.hibernate.SQL - select ei1_0.emp_id,ei1_0.aadhar_number,ei1_0.address,ei1_0.blood_group,ei1_0.dob,ei1_0.email,ei1_0.emergency_contact,ei1_0.emp_date,ei1_0.name,ei1_0.pan_card_number,ei1_0.phone,ei1_0.role_id,ei1_0.salary,ei1_0.status from employee ei1_0
2026-04-21 15:54:13.094 [http-nio-8080-exec-3] DEBUG org.hibernate.SQL - select r1_0.role_id,r1_0.activities,r1_0.role_name,r1_0.status from role r1_0 where r1_0.role_id=?
2026-04-21 15:54:13.103 [http-nio-8080-exec-3] DEBUG org.hibernate.SQL - select r1_0.role_id,r1_0.activities,r1_0.role_name,r1_0.status from role r1_0 where r1_0.role_id=?
2026-04-21 15:54:13.178 [http-nio-8080-exec-1] DEBUG org.hibernate.SQL - select l1_0.emp_id,l1_0.password,l1_0.status from login l1_0 where l1_0.emp_id=?
2026-04-21 15:54:13.178 [http-nio-8080-exec-3] DEBUG org.hibernate.SQL - select l1_0.emp_id,l1_0.password,l1_0.status from login l1_0 where l1_0.emp_id=?
2026-04-21 15:54:13.213 [http-nio-8080-exec-3] DEBUG org.hibernate.SQL - select l1_0.emp_id,l1_0.password,l1_0.status from login l1_0 where l1_0.emp_id=?
2026-04-21 15:54:13.335 [http-nio-8080-exec-3] DEBUG org.hibernate.SQL - select l1_0.emp_id,l1_0.password,l1_0.status from login l1_0 where l1_0.emp_id=?
2026-04-21 15:54:14.035 [http-nio-8080-exec-5] DEBUG org.hibernate.SQL - select ei1_0.emp_id,ei1_0.aadhar_number,ei1_0.address,ei1_0.blood_group,ei1_0.dob,ei1_0.email,ei1_0.emergency_contact,ei1_0.emp_date,ei1_0.name,ei1_0.pan_card_number,ei1_0.phone,ei1_0.role_id,r1_0.role_id,r1_0.activities,r1_0.role_name,r1_0.status,ei1_0.salary,ei1_0.status from employee ei1_0 join role r1_0 on r1_0.role_id=ei1_0.role_id where ei1_0.emp_id=?
2026-04-21 15:54:14.074 [http-nio-8080-exec-5] DEBUG org.hibernate.SQL - select el1_0.emp_id,el1_0.password,el1_0.status from login el1_0 where el1_0.emp_id=?
2026-04-21 15:54:14.101 [http-nio-8080-exec-5] DEBUG org.hibernate.SQL - select ei1_0.emp_id,ei1_0.aadhar_number,ei1_0.address,ei1_0.blood_group,ei1_0.dob,ei1_0.email,ei1_0.emergency_contact,ei1_0.emp_date,ei1_0.name,ei1_0.pan_card_number,ei1_0.phone,ei1_0.role_id,ei1_0.salary,ei1_0.status from employee ei1_0
2026-04-21 15:54:14.106 [http-nio-8080-exec-5] DEBUG org.hibernate.SQL - select r1_0.role_id,r1_0.activities,r1_0.role_name,r1_0.status from role r1_0 where r1_0.role_id=?
2026-04-21 15:54:14.111 [http-nio-8080-exec-5] DEBUG org.hibernate.SQL - select r1_0.role_id,r1_0.activities,r1_0.role_name,r1_0.status from role r1_0 where r1_0.role_id=?
2026-04-21 15:54:14.131 [http-nio-8080-exec-5] DEBUG org.hibernate.SQL - select l1_0.emp_id,l1_0.password,l1_0.status from login l1_0 where l1_0.emp_id=?
2026-04-21 15:54:14.135 [http-nio-8080-exec-5] DEBUG org.hibernate.SQL - select l1_0.emp_id,l1_0.password,l1_0.status from login l1_0 where l1_0.emp_id=?
2026-04-21 15:54:14.139 [http-nio-8080-exec-5] DEBUG org.hibernate.SQL - select l1_0.emp_id,l1_0.password,l1_0.status from login l1_0 where l1_0.emp_id=?
2026-04-21 16:09:49.941 [http-nio-8080-exec-3] DEBUG org.hibernate.SQL - select el1_0.emp_id,el1_0.password,el1_0.status from login el1_0 where el1_0.emp_id=?
2026-04-21 16:09:50.396 [http-nio-8080-exec-3] DEBUG org.hibernate.SQL - select ei1_0.emp_id,ei1_0.aadhar_number,ei1_0.address,ei1_0.blood_group,ei1_0.dob,ei1_0.email,ei1_0.emergency_contact,ei1_0.emp_date,ei1_0.name,ei1_0.pan_card_number,ei1_0.phone,ei1_0.role_id,r1_0.role_id,r1_0.activities,r1_0.role_name,r1_0.status,ei1_0.salary,ei1_0.status from employee ei1_0 join role r1_0 on r1_0.role_id=ei1_0.role_id where ei1_0.emp_id=?
2026-04-21 16:09:51.013 [http-nio-8080-exec-6] DEBUG org.hibernate.SQL - select ei1_0.emp_id,ei1_0.aadhar_number,ei1_0.address,ei1_0.blood_group,ei1_0.dob,ei1_0.email,ei1_0.emergency_contact,ei1_0.emp_date,ei1_0.name,ei1_0.pan_card_number,ei1_0.phone,ei1_0.role_id,r1_0.role_id,r1_0.activities,r1_0.role_name,r1_0.status,ei1_0.salary,ei1_0.status from employee ei1_0 join role r1_0 on r1_0.role_id=ei1_0.role_id where ei1_0.emp_id=?
2026-04-21 16:09:51.020 [http-nio-8080-exec-5] DEBUG org.hibernate.SQL - select ei1_0.emp_id,ei1_0.aadhar_number,ei1_0.address,ei1_0.blood_group,ei1_0.dob,ei1_0.email,ei1_0.emergency_contact,ei1_0.emp_date,ei1_0.name,ei1_0.pan_card_number,ei1_0.phone,ei1_0.role_id,r1_0.role_id,r1_0.activities,r1_0.role_name,r1_0.status,ei1_0.salary,ei1_0.status from employee ei1_0 join role r1_0 on r1_0.role_id=ei1_0.role_id where ei1_0.emp_id=?
2026-04-21 16:09:51.022 [http-nio-8080-exec-8] DEBUG org.hibernate.SQL - select ei1_0.emp_id,ei1_0.aadhar_number,ei1_0.address,ei1_0.blood_group,ei1_0.dob,ei1_0.email,ei1_0.emergency_contact,ei1_0.emp_date,ei1_0.name,ei1_0.pan_card_number,ei1_0.phone,ei1_0.role_id,r1_0.role_id,r1_0.activities,r1_0.role_name,r1_0.status,ei1_0.salary,ei1_0.status from employee ei1_0 join role r1_0 on r1_0.role_id=ei1_0.role_id where ei1_0.emp_id=?
2026-04-21 16:09:51.022 [http-nio-8080-exec-7] DEBUG org.hibernate.SQL - select ei1_0.emp_id,ei1_0.aadhar_number,ei1_0.address,ei1_0.blood_group,ei1_0.dob,ei1_0.email,ei1_0.emergency_contact,ei1_0.emp_date,ei1_0.name,ei1_0.pan_card_number,ei1_0.phone,ei1_0.role_id,r1_0.role_id,r1_0.activities,r1_0.role_name,r1_0.status,ei1_0.salary,ei1_0.status from employee ei1_0 join role r1_0 on r1_0.role_id=ei1_0.role_id where ei1_0.emp_id=?
2026-04-21 16:09:51.025 [http-nio-8080-exec-6] DEBUG org.hibernate.SQL - select el1_0.emp_id,el1_0.password,el1_0.status from login el1_0 where el1_0.emp_id=?
2026-04-21 16:09:51.053 [http-nio-8080-exec-5] DEBUG org.hibernate.SQL - select el1_0.emp_id,el1_0.password,el1_0.status from login el1_0 where el1_0.emp_id=?
2026-04-21 16:09:51.059 [http-nio-8080-exec-8] DEBUG org.hibernate.SQL - select el1_0.emp_id,el1_0.password,el1_0.status from login el1_0 where el1_0.emp_id=?
2026-04-21 16:09:51.103 [http-nio-8080-exec-7] DEBUG org.hibernate.SQL - select el1_0.emp_id,el1_0.password,el1_0.status from login el1_0 where el1_0.emp_id=?
2026-04-21 16:09:51.199 [http-nio-8080-exec-5] DEBUG org.hibernate.SQL - select l1_0.emp_id,l1_0.password,l1_0.status from login l1_0 where l1_0.emp_id=?
2026-04-21 16:09:51.436 [http-nio-8080-exec-6] DEBUG org.hibernate.SQL - select r1_0.role_id,r1_0.activities,r1_0.role_name,r1_0.status from role r1_0
2026-04-21 16:09:51.436 [http-nio-8080-exec-7] DEBUG org.hibernate.SQL - select ei1_0.emp_id,ei1_0.aadhar_number,ei1_0.address,ei1_0.blood_group,ei1_0.dob,ei1_0.email,ei1_0.emergency_contact,ei1_0.emp_date,ei1_0.name,ei1_0.pan_card_number,ei1_0.phone,ei1_0.role_id,ei1_0.salary,ei1_0.status from employee ei1_0
2026-04-21 16:09:51.436 [http-nio-8080-exec-8] DEBUG org.hibernate.SQL - select r1_0.role_id,r1_0.activities,r1_0.role_name,r1_0.status from role r1_0
2026-04-21 16:09:51.469 [http-nio-8080-exec-7] DEBUG org.hibernate.SQL - select r1_0.role_id,r1_0.activities,r1_0.role_name,r1_0.status from role r1_0 where r1_0.role_id=?
2026-04-21 16:09:51.478 [http-nio-8080-exec-7] DEBUG org.hibernate.SQL - select r1_0.role_id,r1_0.activities,r1_0.role_name,r1_0.status from role r1_0 where r1_0.role_id=?
2026-04-21 16:09:51.488 [http-nio-8080-exec-7] DEBUG org.hibernate.SQL - select l1_0.emp_id,l1_0.password,l1_0.status from login l1_0 where l1_0.emp_id=?
2026-04-21 16:09:51.492 [http-nio-8080-exec-7] DEBUG org.hibernate.SQL - select l1_0.emp_id,l1_0.password,l1_0.status from login l1_0 where l1_0.emp_id=?
2026-04-21 16:09:51.517 [http-nio-8080-exec-4] DEBUG org.hibernate.SQL - select ei1_0.emp_id,ei1_0.aadhar_number,ei1_0.address,ei1_0.blood_group,ei1_0.dob,ei1_0.email,ei1_0.emergency_contact,ei1_0.emp_date,ei1_0.name,ei1_0.pan_card_number,ei1_0.phone,ei1_0.role_id,r1_0.role_id,r1_0.activities,r1_0.role_name,r1_0.status,ei1_0.salary,ei1_0.status from employee ei1_0 join role r1_0 on r1_0.role_id=ei1_0.role_id where ei1_0.emp_id=?
2026-04-21 16:09:51.522 [http-nio-8080-exec-7] DEBUG org.hibernate.SQL - select l1_0.emp_id,l1_0.password,l1_0.status from login l1_0 where l1_0.emp_id=?
2026-04-21 16:09:51.532 [http-nio-8080-exec-4] DEBUG org.hibernate.SQL - select el1_0.emp_id,el1_0.password,el1_0.status from login el1_0 where el1_0.emp_id=?
2026-04-21 16:09:51.550 [http-nio-8080-exec-4] DEBUG org.hibernate.SQL - select ei1_0.emp_id,ei1_0.aadhar_number,ei1_0.address,ei1_0.blood_group,ei1_0.dob,ei1_0.email,ei1_0.emergency_contact,ei1_0.emp_date,ei1_0.name,ei1_0.pan_card_number,ei1_0.phone,ei1_0.role_id,ei1_0.salary,ei1_0.status from employee ei1_0
2026-04-21 16:09:51.556 [http-nio-8080-exec-4] DEBUG org.hibernate.SQL - select r1_0.role_id,r1_0.activities,r1_0.role_name,r1_0.status from role r1_0 where r1_0.role_id=?
2026-04-21 16:09:51.562 [http-nio-8080-exec-4] DEBUG org.hibernate.SQL - select r1_0.role_id,r1_0.activities,r1_0.role_name,r1_0.status from role r1_0 where r1_0.role_id=?
2026-04-21 16:09:51.580 [http-nio-8080-exec-4] DEBUG org.hibernate.SQL - select l1_0.emp_id,l1_0.password,l1_0.status from login l1_0 where l1_0.emp_id=?
2026-04-21 16:09:51.585 [http-nio-8080-exec-4] DEBUG org.hibernate.SQL - select l1_0.emp_id,l1_0.password,l1_0.status from login l1_0 where l1_0.emp_id=?
2026-04-21 16:09:51.590 [http-nio-8080-exec-4] DEBUG org.hibernate.SQL - select l1_0.emp_id,l1_0.password,l1_0.status from login l1_0 where l1_0.emp_id=?
2026-04-21 16:33:44.007 [http-nio-8080-exec-10] DEBUG org.hibernate.SQL - select ei1_0.emp_id,ei1_0.aadhar_number,ei1_0.address,ei1_0.blood_group,ei1_0.dob,ei1_0.email,ei1_0.emergency_contact,ei1_0.emp_date,ei1_0.name,ei1_0.pan_card_number,ei1_0.phone,ei1_0.role_id,r1_0.role_id,r1_0.activities,r1_0.role_name,r1_0.status,ei1_0.salary,ei1_0.status from employee ei1_0 join role r1_0 on r1_0.role_id=ei1_0.role_id where ei1_0.emp_id=?
2026-04-21 16:33:44.125 [http-nio-8080-exec-10] DEBUG org.hibernate.SQL - select el1_0.emp_id,el1_0.password,el1_0.status from login el1_0 where el1_0.emp_id=?
2026-04-21 16:33:44.230 [http-nio-8080-exec-10] DEBUG org.hibernate.SQL - select r1_0.role_id,r1_0.activities,r1_0.role_name,r1_0.status from role r1_0
2026-04-21 16:42:17.450 [http-nio-8080-exec-1] DEBUG org.hibernate.SQL - select ei1_0.emp_id,ei1_0.aadhar_number,ei1_0.address,ei1_0.blood_group,ei1_0.dob,ei1_0.email,ei1_0.emergency_contact,ei1_0.emp_date,ei1_0.name,ei1_0.pan_card_number,ei1_0.phone,ei1_0.role_id,r1_0.role_id,r1_0.activities,r1_0.role_name,r1_0.status,ei1_0.salary,ei1_0.status from employee ei1_0 join role r1_0 on r1_0.role_id=ei1_0.role_id where ei1_0.emp_id=?
2026-04-21 16:42:17.603 [http-nio-8080-exec-1] DEBUG org.hibernate.SQL - select el1_0.emp_id,el1_0.password,el1_0.status from login el1_0 where el1_0.emp_id=?
2026-04-21 16:42:17.739 [http-nio-8080-exec-1] DEBUG org.hibernate.SQL - select r1_0.role_id,r1_0.activities,r1_0.role_name,r1_0.status from role r1_0
2026-04-21 16:43:10.221 [http-nio-8080-exec-5] DEBUG org.hibernate.SQL - select ei1_0.emp_id,ei1_0.aadhar_number,ei1_0.address,ei1_0.blood_group,ei1_0.dob,ei1_0.email,ei1_0.emergency_contact,ei1_0.emp_date,ei1_0.name,ei1_0.pan_card_number,ei1_0.phone,ei1_0.role_id,r1_0.role_id,r1_0.activities,r1_0.role_name,r1_0.status,ei1_0.salary,ei1_0.status from employee ei1_0 join role r1_0 on r1_0.role_id=ei1_0.role_id where ei1_0.emp_id=?
2026-04-21 16:43:10.229 [http-nio-8080-exec-5] DEBUG org.hibernate.SQL - select el1_0.emp_id,el1_0.password,el1_0.status from login el1_0 where el1_0.emp_id=?
2026-04-21 16:43:10.240 [http-nio-8080-exec-5] DEBUG org.hibernate.SQL - select r1_0.role_id,r1_0.activities,r1_0.role_name,r1_0.status from role r1_0
2026-04-21 16:55:23.328 [http-nio-8080-exec-3] DEBUG org.hibernate.SQL - select r1_0.role_id,r1_0.activities,r1_0.role_name,r1_0.status from role r1_0
2026-04-21 16:58:39.834 [http-nio-8080-exec-4] DEBUG org.hibernate.SQL - select r1_0.role_id,r1_0.activities,r1_0.role_name,r1_0.status from role r1_0
2026-04-21 16:58:50.468 [http-nio-8080-exec-6] DEBUG org.hibernate.SQL - select r1_0.role_id,r1_0.activities,r1_0.role_name,r1_0.status from role r1_0
